[    0.000000] Linux version 4.15.0-212-generic (buildd@lcy02-amd64-083) (gcc version 7.5.0 (Ubuntu 7.5.0-3ubuntu1~18.04)) #223-Ubuntu SMP Tue May 23 13:09:22 UTC 2023 (Ubuntu 4.15.0-212.223-generic 4.15.18)
[    0.000000] Command line: BOOT_IMAGE=/boot/vmlinuz-4.15.0-212-generic root=LABEL=cloudimg-rootfs ro console=tty1 console=ttyS0
[    0.000000] KERNEL supported cpus:
[    0.000000]   Intel GenuineIntel
[    0.000000]   AMD AuthenticAMD
[    0.000000]   Centaur CentaurHauls
[    0.000000] [Firmware Bug]: TSC doesn't count with P0 frequency!
[    0.000000] x86/fpu: Supporting XSAVE feature 0x001: 'x87 floating point registers'
[    0.000000] x86/fpu: Supporting XSAVE feature 0x002: 'SSE registers'
[    0.000000] x86/fpu: Supporting XSAVE feature 0x004: 'AVX registers'
[    0.000000] x86/fpu: xstate_offset[2]:  576, xstate_sizes[2]:  256
[    0.000000] x86/fpu: Enabled xstate features 0x7, context size is 832 bytes, using 'standard' format.
[    0.000000] e820: BIOS-provided physical RAM map:
[    0.000000] BIOS-e820: [mem 0x0000000000000000-0x000000000009fbff] usable
[    0.000000] BIOS-e820: [mem 0x000000000009fc00-0x000000000009ffff] reserved
[    0.000000] BIOS-e820: [mem 0x00000000000f0000-0x00000000000fffff] reserved
[    0.000000] BIOS-e820: [mem 0x0000000000100000-0x000000003ffeffff] usable
[    0.000000] BIOS-e820: [mem 0x000000003fff0000-0x000000003fffffff] ACPI data
[    0.000000] BIOS-e820: [mem 0x00000000fec00000-0x00000000fec00fff] reserved
[    0.000000] BIOS-e820: [mem 0x00000000fee00000-0x00000000fee00fff] reserved
[    0.000000] BIOS-e820: [mem 0x00000000fffc0000-0x00000000ffffffff] reserved
[    0.000000] NX (Execute Disable) protection: active
[    0.000000] SMBIOS 2.5 present.
[    0.000000] DMI: innotek GmbH VirtualBox/VirtualBox, BIOS VirtualBox 12/01/2006
[    0.000000] Hypervisor detected: KVM
[    0.000000] AGP: No AGP bridge found
[    0.000000] e820: last_pfn = 0x3fff0 max_arch_pfn = 0x400000000
[    0.000000] x86/PAT: Configuration [0-7]: WB  WC  UC- UC  WB  WP  UC- WT  
[    0.000000] found SMP MP-table at [mem 0x0009fbf0-0x0009fbff]
[    0.000000] Scanning 1 areas for low memory corruption
[    0.000000] RAMDISK: [mem 0x357f3000-0x36bf0fff]
[    0.000000] ACPI: Early table checksum verification disabled
[    0.000000] ACPI: RSDP 0x00000000000E0000 000024 (v02 VBOX  )
[    0.000000] ACPI: XSDT 0x000000003FFF0030 00003C (v01 VBOX   VBOXXSDT 00000001 ASL  00000061)
[    0.000000] ACPI: FACP 0x000000003FFF00F0 0000F4 (v04 VBOX   VBOXFACP 00000001 ASL  00000061)
[    0.000000] ACPI: DSDT 0x000000003FFF02F0 002353 (v02 VBOX   VBOXBIOS 00000002 VBOX 000298F4)
[    0.000000] ACPI: FACS 0x000000003FFF0200 000040
[    0.000000] ACPI: FACS 0x000000003FFF0200 000040
[    0.000000] ACPI: APIC 0x000000003FFF0240 00005C (v02 VBOX   VBOXAPIC 00000001 ASL  00000061)
[    0.000000] ACPI: SSDT 0x000000003FFF02A0 000045 (v01 VBOX   VBOXCPUT 00000002 VBOX 000298F4)
[    0.000000] ACPI: Reserving FACP table memory at [mem 0x3fff00f0-0x3fff01e3]
[    0.000000] ACPI: Reserving DSDT table memory at [mem 0x3fff02f0-0x3fff2642]
[    0.000000] ACPI: Reserving FACS table memory at [mem 0x3fff0200-0x3fff023f]
[    0.000000] ACPI: Reserving FACS table memory at [mem 0x3fff0200-0x3fff023f]
[    0.000000] ACPI: Reserving APIC table memory at [mem 0x3fff0240-0x3fff029b]
[    0.000000] ACPI: Reserving SSDT table memory at [mem 0x3fff02a0-0x3fff02e4]
[    0.000000] No NUMA configuration found
[    0.000000] Faking a node at [mem 0x0000000000000000-0x000000003ffeffff]
[    0.000000] NODE_DATA(0) allocated [mem 0x3ffc5000-0x3ffeffff]
[    0.000000] kvm-clock: cpu 0, msr 0:3ff44001, primary cpu clock
[    0.000000] kvm-clock: Using msrs 4b564d01 and 4b564d00
[    0.000000] kvm-clock: using sched offset of 3449053985 cycles
[    0.000000] clocksource: kvm-clock: mask: 0xffffffffffffffff max_cycles: 0x1cd42e4dffb, max_idle_ns: 881590591483 ns
[    0.000000] Zone ranges:
[    0.000000]   DMA      [mem 0x0000000000001000-0x0000000000ffffff]
[    0.000000]   DMA32    [mem 0x0000000001000000-0x000000003ffeffff]
[    0.000000]   Normal   empty
[    0.000000]   Device   empty
[    0.000000] Movable zone start for each node
[    0.000000] Early memory node ranges
[    0.000000]   node   0: [mem 0x0000000000001000-0x000000000009efff]
[    0.000000]   node   0: [mem 0x0000000000100000-0x000000003ffeffff]
[    0.000000] Reserved but unavailable: 104 pages
[    0.000000] Initmem setup node 0 [mem 0x0000000000001000-0x000000003ffeffff]
[    0.000000] ACPI: PM-Timer IO Port: 0x4008
[    0.000000] IOAPIC[0]: apic_id 2, version 32, address 0xfec00000, GSI 0-23
[    0.000000] ACPI: INT_SRC_OVR (bus 0 bus_irq 0 global_irq 2 dfl dfl)
[    0.000000] ACPI: INT_SRC_OVR (bus 0 bus_irq 9 global_irq 9 low level)
[    0.000000] Using ACPI (MADT) for SMP configuration information
[    0.000000] smpboot: Allowing 2 CPUs, 0 hotplug CPUs
[    0.000000] PM: Registered nosave memory: [mem 0x00000000-0x00000fff]
[    0.000000] PM: Registered nosave memory: [mem 0x0009f000-0x0009ffff]
[    0.000000] PM: Registered nosave memory: [mem 0x000a0000-0x000effff]
[    0.000000] PM: Registered nosave memory: [mem 0x000f0000-0x000fffff]
[    0.000000] e820: [mem 0x40000000-0xfebfffff] available for PCI devices
[    0.000000] Booting paravirtualized kernel on KVM
[    0.000000] clocksource: refined-jiffies: mask: 0xffffffff max_cycles: 0xffffffff, max_idle_ns: 7645519600211568 ns
[    0.000000] setup_percpu: NR_CPUS:8192 nr_cpumask_bits:2 nr_cpu_ids:2 nr_node_ids:1
[    0.000000] percpu: Embedded 50 pages/cpu s167936 r8192 d28672 u1048576
[    0.000000] PV qspinlock hash table entries: 256 (order: 0, 4096 bytes)
[    0.000000] Built 1 zonelists, mobility grouping on.  Total pages: 257913
[    0.000000] Policy zone: DMA32
[    0.000000] Kernel command line: BOOT_IMAGE=/boot/vmlinuz-4.15.0-212-generic root=LABEL=cloudimg-rootfs ro console=tty1 console=ttyS0
[    0.000000] AGP: Checking aperture...
[    0.000000] AGP: No AGP bridge found
[    0.000000] Memory: 981700K/1048120K available (12300K kernel code, 2477K rwdata, 4324K rodata, 2480K init, 2720K bss, 66420K reserved, 0K cma-reserved)
[    0.000000] SLUB: HWalign=64, Order=0-3, MinObjects=0, CPUs=2, Nodes=1
[    0.000000] ftrace: allocating 39508 entries in 155 pages
[    0.004000] Hierarchical RCU implementation.
[    0.004000] 	RCU restricting CPUs from NR_CPUS=8192 to nr_cpu_ids=2.
[    0.004000] 	Tasks RCU enabled.
[    0.004000] RCU: Adjusting geometry for rcu_fanout_leaf=16, nr_cpu_ids=2
[    0.004000] NR_IRQS: 524544, nr_irqs: 440, preallocated irqs: 16
[    0.004000] Console: colour VGA+ 80x25
[    0.004000] console [tty1] enabled
[    0.004000] console [ttyS0] enabled
[    0.004000] ACPI: Core revision 20170831
[    0.004000] ACPI: 2 ACPI AML tables successfully acquired and loaded
[    0.004000] APIC: Switch to symmetric I/O mode setup
[    0.004000] x2apic enabled
[    0.004000] Switched APIC routing to physical x2apic.
[    0.004000] ..TIMER: vector=0x30 apic1=0 pin1=2 apic2=-1 pin2=-1
[    0.004000] tsc: Detected 4013.548 MHz processor
[    0.004000] Calibrating delay loop (skipped) preset value.. 8027.09 BogoMIPS (lpj=16054192)
[    0.004000] pid_max: default: 32768 minimum: 301
[    0.004000] Security Framework initialized
[    0.004000] Yama: becoming mindful.
[    0.004000] AppArmor: AppArmor initialized
[    0.004000] Dentry cache hash table entries: 131072 (order: 8, 1048576 bytes)
[    0.004000] Inode-cache hash table entries: 65536 (order: 7, 524288 bytes)
[    0.004000] Mount-cache hash table entries: 2048 (order: 2, 16384 bytes)
[    0.004000] Mountpoint-cache hash table entries: 2048 (order: 2, 16384 bytes)
[    0.004000] Last level iTLB entries: 4KB 512, 2MB 1024, 4MB 512
[    0.004000] Last level dTLB entries: 4KB 1024, 2MB 1024, 4MB 512, 1GB 0
[    0.004000] Spectre V1 : Mitigation: usercopy/swapgs barriers and __user pointer sanitization
[    0.004000] Spectre V2 : Mitigation: Retpolines
[    0.004000] Spectre V2 : Spectre v2 / SpectreRSB mitigation: Filling RSB on context switch
[    0.004000] Spectre V2 : Spectre v2 / SpectreRSB : Filling RSB on VMEXIT
[    0.004000] RETBleed: Vulnerable
[    0.004000] Freeing SMP alternatives memory: 36K
[    0.133999] APIC calibration not consistent with PM-Timer: 130ms instead of 100ms
[    0.136000] APIC delta adjusted to PM-Timer: 6298366 (8189016)
[    0.136060] smpboot: CPU0: AMD FX(tm)-8350 Eight-Core Processor (family: 0x15, model: 0x2, stepping: 0x0)
[    0.138799] Performance Events: PMU not available due to virtualization, using software events only.
[    0.140069] Hierarchical SRCU implementation.
[    0.141834] NMI watchdog: Perf event create on CPU 0 failed with -2
[    0.143340] NMI watchdog: Perf NMI watchdog permanently disabled
[    0.144000] smp: Bringing up secondary CPUs ...
[    0.144196] x86: Booting SMP configuration:
[    0.148003] .... node  #0, CPUs:      #1
[    0.004000] kvm-clock: cpu 1, msr 0:3ff44041, secondary cpu clock
[    0.156031] smp: Brought up 1 node, 2 CPUs
[    0.157220] smpboot: Max logical packages: 1
[    0.158391] smpboot: Total of 2 processors activated (16054.19 BogoMIPS)
[    0.160411] devtmpfs: initialized
[    0.161077] x86/mm: Memory block size: 128MB
[    0.162464] evm: security.selinux
[    0.164006] evm: security.SMACK64
[    0.164857] evm: security.SMACK64EXEC
[    0.165745] evm: security.SMACK64TRANSMUTE
[    0.166779] evm: security.SMACK64MMAP
[    0.167647] evm: security.apparmor
[    0.168011] evm: security.ima
[    0.168750] evm: security.capability
[    0.169646] clocksource: jiffies: mask: 0xffffffff max_cycles: 0xffffffff, max_idle_ns: 7645041785100000 ns
[    0.172025] futex hash table entries: 512 (order: 3, 32768 bytes)
[    0.173528] pinctrl core: initialized pinctrl subsystem
[    0.176136] RTC time: 13:57:49, date: 09/02/25
[    0.177551] NET: Registered protocol family 16
[    0.178817] audit: initializing netlink subsys (disabled)
[    0.180062] audit: type=2000 audit(1756821474.682:1): state=initialized audit_enabled=0 res=1
[    0.182238] cpuidle: using governor ladder
[    0.182238] cpuidle: using governor menu
[    0.184215] ACPI: bus type PCI registered
[    0.185117] acpiphp: ACPI Hot Plug PCI Controller Driver version: 0.5
[    0.186970] PCI: Using configuration type 1 for base access
[    0.188005] PCI: Using configuration type 1 for extended access
[    0.193059] HugeTLB registered 2.00 MiB page size, pre-allocated 0 pages
[    0.193738] ACPI: Added _OSI(Module Device)
[    0.196005] ACPI: Added _OSI(Processor Device)
[    0.197086] ACPI: Added _OSI(3.0 _SCP Extensions)
[    0.198253] ACPI: Added _OSI(Processor Aggregator Device)
[    0.200004] ACPI: Added _OSI(Linux-Dell-Video)
[    0.201048] ACPI: Added _OSI(Linux-Lenovo-NV-HDMI-Audio)
[    0.202461] ACPI: Added _OSI(Linux-HPI-Hybrid-Graphics)
[    0.204385] ACPI: Executed 1 blocks of module-level executable AML code
[    0.206312] ACPI: Interpreter enabled
[    0.207353] ACPI: (supports S0 S5)
[    0.212005] ACPI: Using IOAPIC for interrupt routing
[    0.213570] PCI: Using host bridge windows from ACPI; if necessary, use "pci=nocrs" and report a bug
[    0.216207] ACPI: Enabled 2 GPEs in block 00 to 07
[    0.226181] ACPI: PCI Root Bridge [PCI0] (domain 0000 [bus 00-ff])
[    0.228015] acpi PNP0A03:00: _OSC: OS supports [ExtendedConfig ASPM ClockPM Segments MSI]
[    0.231300] acpi PNP0A03:00: _OSC: platform does not support [PCIeCapability]
[    0.232647] acpi PNP0A03:00: _OSC: not requesting control; platform does not support [PCIeCapability]
[    0.234920] acpi PNP0A03:00: _OSC: OS requested [PCIeHotplug PME AER PCIeCapability]
[    0.236004] acpi PNP0A03:00: _OSC: platform willing to grant [PCIeHotplug PME AER]
[    0.240004] acpi PNP0A03:00: _OSC failed (AE_SUPPORT); disabling ASPM
[    0.242037] PCI host bridge to bus 0000:00
[    0.243204] pci_bus 0000:00: root bus resource [io  0x0000-0x0cf7 window]
[    0.244005] pci_bus 0000:00: root bus resource [io  0x0d00-0xffff window]
[    0.245572] pci_bus 0000:00: root bus resource [mem 0x000a0000-0x000bffff window]
[    0.248004] pci_bus 0000:00: root bus resource [mem 0x40000000-0xfdffffff window]
[    0.249914] pci_bus 0000:00: root bus resource [bus 00-ff]
[    0.256033] pci 0000:00:01.1: legacy IDE quirk: reg 0x10: [io  0x01f0-0x01f7]
[    0.258163] pci 0000:00:01.1: legacy IDE quirk: reg 0x14: [io  0x03f6]
[    0.258163] pci 0000:00:01.1: legacy IDE quirk: reg 0x18: [io  0x0170-0x0177]
[    0.258163] pci 0000:00:01.1: legacy IDE quirk: reg 0x1c: [io  0x0376]
[    0.282759] pci 0000:00:07.0: quirk: [io  0x4000-0x403f] claimed by PIIX4 ACPI
[    0.282806] pci 0000:00:07.0: quirk: [io  0x4100-0x410f] claimed by PIIX4 SMB
[    0.301577] ACPI: PCI Interrupt Link [LNKA] (IRQs 5 9 10 *11)
[    0.303712] ACPI: PCI Interrupt Link [LNKB] (IRQs 5 9 *10 11)
[    0.304171] ACPI: PCI Interrupt Link [LNKC] (IRQs 5 *9 10 11)
[    0.305753] ACPI: PCI Interrupt Link [LNKD] (IRQs 5 9 10 *11)
[    0.308610] SCSI subsystem initialized
[    0.309608] pci 0000:00:02.0: vgaarb: setting as boot VGA device
[    0.309608] pci 0000:00:02.0: vgaarb: VGA device added: decodes=io+mem,owns=io+mem,locks=none
[    0.312035] pci 0000:00:02.0: vgaarb: bridge control possible
[    0.313489] vgaarb: loaded
[    0.316062] ACPI: bus type USB registered
[    0.317067] usbcore: registered new interface driver usbfs
[    0.318665] usbcore: registered new interface driver hub
[    0.320041] usbcore: registered new device driver usb
[    0.321383] EDAC MC: Ver: 3.0.0
[    0.324094] PCI: Using ACPI for IRQ routing
[    0.326162] NetLabel: Initializing
[    0.327280] NetLabel:  domain hash size = 128
[    0.328005] NetLabel:  protocols = UNLABELED CIPSOv4 CALIPSO
[    0.329703] NetLabel:  unlabeled traffic allowed by default
[    0.332119] clocksource: Switched to clocksource kvm-clock
[    0.361479] VFS: Disk quotas dquot_6.6.0
[    0.362845] VFS: Dquot-cache hash table entries: 512 (order 0, 4096 bytes)
[    0.365110] AppArmor: AppArmor Filesystem Enabled
[    0.366714] pnp: PnP ACPI init
[    0.368913] pnp: PnP ACPI: found 3 devices
[    0.380859] clocksource: acpi_pm: mask: 0xffffff max_cycles: 0xffffff, max_idle_ns: 2085701024 ns
[    0.383271] NET: Registered protocol family 2
[    0.384667] IP idents hash table entries: 16384 (order: 5, 131072 bytes)
[    0.387605] TCP established hash table entries: 8192 (order: 4, 65536 bytes)
[    0.389345] TCP bind hash table entries: 8192 (order: 5, 131072 bytes)
[    0.391141] TCP: Hash tables configured (established 8192 bind 8192)
[    0.392949] UDP hash table entries: 512 (order: 2, 16384 bytes)
[    0.394481] UDP-Lite hash table entries: 512 (order: 2, 16384 bytes)
[    0.396128] NET: Registered protocol family 1
[    0.397276] pci 0000:00:00.0: Limiting direct PCI/PCI transfers
[    0.398817] pci 0000:00:01.0: Activating ISA DMA hang workarounds
[    0.400642] pci 0000:00:02.0: Video device with shadowed ROM at [mem 0x000c0000-0x000dffff]
[    0.402904] Unpacking initramfs...
[    0.752699] Freeing initrd memory: 20472K
[    0.753906] clocksource: tsc: mask: 0xffffffffffffffff max_cycles: 0x39da5a74f09, max_idle_ns: 440795214935 ns
[    0.756434] platform rtc_cmos: registered platform RTC device (no PNP device found)
[    0.758339] Scanning for low memory corruption every 60 seconds
[    0.760633] Initialise system trusted keyrings
[    0.761742] Key type blacklist registered
[    0.762797] workingset: timestamp_bits=36 max_order=18 bucket_order=0
[    0.766043] zbud: loaded
[    0.767417] squashfs: version 4.0 (2009/01/31) Phillip Lougher
[    0.769193] fuse init (API version 7.26)
[    0.774923] Key type asymmetric registered
[    0.776109] Asymmetric key parser 'x509' registered
[    0.777364] Block layer SCSI generic (bsg) driver version 0.4 loaded (major 246)
[    0.779257] io scheduler noop registered
[    0.780291] io scheduler deadline registered
[    0.781393] io scheduler cfq registered (default)
[    0.782943] ACPI: AC Adapter [AC] (on-line)
[    0.784029] input: Power Button as /devices/LNXSYSTM:00/LNXPWRBN:00/input/input0
[    0.785940] ACPI: Power Button [PWRF]
[    0.786938] input: Sleep Button as /devices/LNXSYSTM:00/LNXSLPBN:00/input/input1
[    0.788798] ACPI: Sleep Button [SLPF]
[    0.790149] Serial: 8250/16550 driver, 32 ports, IRQ sharing enabled
[    0.812459] 00:02: ttyS0 at I/O 0x3f8 (irq = 4, base_baud = 115200) is a 16550A
[    0.820267] Linux agpgart interface v0.103
[    0.824144] loop: module loaded
[    0.826056] scsi host0: ata_piix
[    0.828116] scsi host1: ata_piix
[    0.829207] ata1: PATA max UDMA/33 cmd 0x1f0 ctl 0x3f6 bmdma 0xd000 irq 14
[    0.831127] ata2: PATA max UDMA/33 cmd 0x170 ctl 0x376 bmdma 0xd008 irq 15
[    0.833793] tun: Universal TUN/TAP device driver, 1.6
[    0.842061] PPP generic driver version 2.4.2
[    0.843458] ehci_hcd: USB 2.0 'Enhanced' Host Controller (EHCI) Driver
[    0.845243] ehci-pci: EHCI PCI platform driver
[    0.846588] ehci-platform: EHCI generic platform driver
[    0.848174] ohci_hcd: USB 1.1 'Open' Host Controller (OHCI) Driver
[    0.849951] ohci-pci: OHCI PCI platform driver
[    0.851307] ohci-platform: OHCI generic platform driver
[    0.852826] uhci_hcd: USB Universal Host Controller Interface driver
[    0.854721] i8042: PNP: PS/2 Controller [PNP0303:PS2K,PNP0f03:PS2M] at 0x60,0x64 irq 1,12
[    0.858236] serio: i8042 KBD port at 0x60,0x64 irq 1
[    0.860009] serio: i8042 AUX port at 0x60,0x64 irq 12
[    0.864171] mousedev: PS/2 mouse device common for all mice
[    0.866407] input: AT Translated Set 2 keyboard as /devices/platform/i8042/serio0/input/input2
[    0.868477] rtc_cmos rtc_cmos: rtc core: registered rtc_cmos as rtc0
[    0.870330] rtc_cmos rtc_cmos: alarms up to one day, 114 bytes nvram
[    0.872410] i2c /dev entries driver
[    0.873350] device-mapper: uevent: version 1.0.3
[    0.874648] device-mapper: ioctl: 4.37.0-ioctl (2017-09-20) initialised: dm-devel@redhat.com
[    0.877088] ledtrig-cpu: registered to indicate activity on CPUs
[    0.878885] x86/pm: family 0x15 cpu detected, MSR saving is needed during suspending.
[    0.880982] NET: Registered protocol family 10
[    0.887793] Segment Routing with IPv6
[    0.888820] NET: Registered protocol family 17
[    0.889970] Key type dns_resolver registered
[    0.891310] mce: Using 0 MCE banks
[    0.892163] RAS: Correctable Errors collector initialized.
[    0.893594] sched_clock: Marking stable (893529752, 0)->(1192006531, -298476779)
[    0.895985] registered taskstats version 1
[    0.897082] Loading compiled-in X.509 certificates
[    0.901532] Loaded X.509 cert 'Build time autogenerated kernel key: b5b26778eaa3ab3a4a6cee031137706e947d12ad'
[    0.904662] Loaded X.509 cert 'Canonical Ltd. Live Patch Signing: 14df34d1a87cf37625abec039ef2bf521249b969'
[    0.907746] Loaded X.509 cert 'Canonical Ltd. Kernel Module Signing: 88f752e560a1e0737e31163a466ad7b70a850c19'
[    0.910053] blacklist: Loading compiled-in revocation X.509 certificates
[    0.911641] Loaded X.509 cert 'Canonical Ltd. Secure Boot Signing: 61482aa2830d0ab2ad5af10b7250da9033ddcef0'
[    0.913981] Loaded X.509 cert 'Canonical Ltd. Secure Boot Signing (2017): 242ade75ac4a15e50d50c84b0d45ff3eae707a03'
[    0.916485] Loaded X.509 cert 'Canonical Ltd. Secure Boot Signing (ESM 2018): 365188c1d374d6b07c3c8f240f8ef722433d6a8b'
[    0.919270] Loaded X.509 cert 'Canonical Ltd. Secure Boot Signing (2019): c0746fd6c5da3ae827864651ad66ae47fe24b3e8'
[    0.922301] Loaded X.509 cert 'Canonical Ltd. Secure Boot Signing (2021 v1): a8d54bbb3825cfb94fa13c9f8a594a195c107b8d'
[    0.925010] Loaded X.509 cert 'Canonical Ltd. Secure Boot Signing (2021 v2): 4cf046892d6fd3c9a5b03f98d845f90851dc6a8c'
[    0.927839] Loaded X.509 cert 'Canonical Ltd. Secure Boot Signing (2021 v3): 100437bb6de6e469b581e61cd66bce3ef4ed53af'
[    0.930840] Loaded X.509 cert 'Canonical Ltd. Secure Boot Signing (Ubuntu Core 2019): c1d57b8f6b743f23ee41f4f7ee292f06eecadfb9'
[    0.934141] zswap: loaded using pool lzo/zbud
[    0.940262] Key type big_key registered
[    0.941599] Key type trusted registered
[    0.944992] Key type encrypted registered
[    0.946017] AppArmor: AppArmor sha1 policy hashing enabled
[    0.947429] ima: No TPM chip found, activating TPM-bypass! (rc=-19)
[    0.948979] ima: Allocated hash algorithm: sha1
[    0.950133] evm: HMAC attrs: 0x1
[    0.951441]   Magic number: 9:987:987
[    0.952516] machinecheck machinecheck0: hash matches
[    0.953796] rtc_cmos rtc_cmos: setting system clock to 2025-09-02 13:57:50 UTC (1756821470)
[    0.956141] BIOS EDD facility v0.16 2004-Jun-25, 0 devices found
[    0.957585] EDD information not available.
[    1.020834] Freeing unused kernel image memory: 2480K
[    1.032130] Write protecting the kernel read-only data: 20480k
[    1.034933] Freeing unused kernel image memory: 2008K
[    1.037060] Freeing unused kernel image memory: 1820K
[    1.050479] x86/mm: Checked W+X mappings: passed, no W+X pages found.
Loading, please wait...
starting version 237
[    1.158565] Fusion MPT base driver 3.04.20
[    1.159812] Copyright (c) 1999-2008 LSI Corporation
[    1.161588] e1000: Intel(R) PRO/1000 Network Driver - version 7.3.21-k8-NAPI
[    1.163347] e1000: Copyright (c) 1999-2006 Intel Corporation.
[    1.177383] Fusion MPT SPI Host driver 3.04.20
[    1.194547] AVX version of gcm_enc/dec engaged.
[    1.195658] AES CTR mode by8 optimization enabled
[    1.377624] input: ImExPS/2 Generic Explorer Mouse as /devices/platform/i8042/serio1/input/input4
[    1.560794] e1000 0000:00:03.0 eth0: (PCI:33MHz:32-bit) 02:3b:7b:b7:3b:2d
[    1.562593] e1000 0000:00:03.0 eth0: Intel(R) PRO/1000 Network Connection
[    1.566163] mptbase: ioc0: Initiating bringup
[    2.268301] ioc0: LSI53C1030 A0: Capabilities={Initiator}
[    2.510089] scsi host2: ioc0: LSI53C1030 A0, FwRev=00000000h, Ports=1, MaxQ=256, IRQ=20
[    3.364696] scsi 2:0:0:0: Direct-Access     VBOX     HARDDISK         1.0  PQ: 0 ANSI: 5
[    3.400084] scsi target2:0:0: Beginning Domain Validation
[    3.403113] scsi target2:0:0: Domain Validation skipping write tests
[    3.405123] scsi target2:0:0: Ending Domain Validation
[    3.406622] scsi target2:0:0: asynchronous
[    3.408551] scsi 2:0:1:0: Direct-Access     VBOX     HARDDISK         1.0  PQ: 0 ANSI: 5
[    3.712135] scsi target2:0:1: Beginning Domain Validation
[    3.715058] scsi target2:0:1: Domain Validation skipping write tests
[    3.716621] scsi target2:0:1: Ending Domain Validation
[    3.717879] scsi target2:0:1: asynchronous
[    3.723665] sd 2:0:0:0: Attached scsi generic sg0 type 0
[    3.725564] sd 2:0:1:0: [sdb] 20480 512-byte logical blocks: (10.5 MB/10.0 MiB)
[    3.725583] sd 2:0:0:0: [sda] 83886080 512-byte logical blocks: (42.9 GB/40.0 GiB)
[    3.727538] sd 2:0:1:0: Attached scsi generic sg1 type 0
[    3.729502] sd 2:0:1:0: [sdb] Write Protect is off
[    3.732083] sd 2:0:0:0: [sda] Write Protect is off
[    3.732262] sd 2:0:1:0: [sdb] Write cache: enabled, read cache: enabled, supports DPO and FUA
[    3.735553] sd 2:0:0:0: [sda] Write cache: enabled, read cache: enabled, supports DPO and FUA
[    3.737208] sd 2:0:1:0: [sdb] Attached SCSI disk
[    3.740867]  sda: sda1
[    3.742704] sd 2:0:0:0: [sda] Attached SCSI disk
[    3.758466] e1000 0000:00:08.0 eth1: (PCI:33MHz:32-bit) 08:00:27:ec:21:86
[    3.761161] e1000 0000:00:08.0 eth1: Intel(R) PRO/1000 Network Connection
[    3.765492] e1000 0000:00:03.0 enp0s3: renamed from eth0
[    3.786357] e1000 0000:00:08.0 enp0s8: renamed from eth1
Begin: Loading essential drivers ... [    5.356086] raid6: sse2x1   gen()  5420 MB/s
[    5.404116] raid6: sse2x1   xor()  4061 MB/s
[    5.452096] raid6: sse2x2   gen()  9228 MB/s
[    5.500114] raid6: sse2x2   xor()  6370 MB/s
[    5.548091] raid6: sse2x4   gen() 10637 MB/s
[    5.596198] raid6: sse2x4   xor()  4283 MB/s
[    5.601925] raid6: using algorithm sse2x4 gen() 10637 MB/s
[    5.605402] raid6: .... xor() 4283 MB/s, rmw enabled
[    5.606572] raid6: using ssse3x2 recovery algorithm
[    5.610770] xor: automatically using best checksumming function   avx       
[    5.615883] async_tx: api initialized (async)
done.
Begin: Running /scripts/init-premount ... done.
Begin: Mounting root file system ... Begin: Running /scripts/local-top ... done.
Begin: Running /scripts/local-premount ... [    5.688940] Btrfs loaded, crc32c=crc32c-intel
Scanning for Btrfs filesystems
done.
Begin: Will now check root file system ... fsck from util-linux 2.31.1
[/sbin/fsck.ext4 (1) -- /dev/sda1] fsck.ext4 -a -C0 /dev/sda1 
cloudimg-rootfs: clean, 525329/5120000 files, 4970639/10485499 blocks
done.
[    5.776866] EXT4-fs (sda1): mounted filesystem with ordered data mode. Opts: (null)
done.
Begin: Running /scripts/local-bottom ... done.
Begin: Running /scripts/init-bottom ... done.
[    6.130421] ip_tables: (C) 2000-2006 Netfilter Core Team
[    6.144242] systemd[1]: systemd 237 running in system mode. (+PAM +AUDIT +SELINUX +IMA +APPARMOR +SMACK +SYSVINIT +UTMP +LIBCRYPTSETUP +GCRYPT +GNUTLS +ACL +XZ +LZ4 +SECCOMP +BLKID +ELFUTILS +KMOD -IDN2 +IDN -PCRE2 default-hierarchy=hybrid)
[    6.149587] systemd[1]: Detected virtualization oracle.
[    6.150857] systemd[1]: Detected architecture x86-64.

Welcome to [1mUbuntu 18.04.6 LTS[0m!

[    6.162731] systemd[1]: Set hostname to <podman-host>.
[    6.461023] random: systemd: uninitialized urandom read (16 bytes read)
[    6.462917] systemd[1]: Started Forward Password Requests to Wall Directory Watch.
[[0;32m  OK  [0m] Started Forward Password Requests to Wall Directory Watch.
[    6.466223] random: systemd: uninitialized urandom read (16 bytes read)
[    6.469990] systemd[1]: Created slice System Slice.
[[0;32m  OK  [0m] Created slice System Slice.
[    6.472356] random: systemd: uninitialized urandom read (16 bytes read)
[    6.474103] systemd[1]: Listening on Syslog Socket.
[[0;32m  OK  [0m] Listening on Syslog Socket.
[    6.476241] systemd[1]: Listening on Journal Socket (/dev/log).
[[0;32m  OK  [0m] Listening on Journal Socket (/dev/log).
[    6.478823] systemd[1]: Listening on Device-mapper event daemon FIFOs.
[[0;32m  OK  [0m] Listening on Device-mapper event daemon FIFOs.
[    6.481679] systemd[1]: Listening on fsck to fsckd communication Socket.
[[0;32m  OK  [0m] Listening on fsck to fsckd communication Socket.
[[0;32m  OK  [0m] Listening on udev Kernel Socket.
[[0;32m  OK  [0m] Listening on Network Service Netlink Socket.
[[0;32m  OK  [0m] Listening on udev Control Socket.
[[0;32m  OK  [0m] Reached target User and Group Name Lookups.
[[0;32m  OK  [0m] Listening on LVM2 metadata daemon socket.
[[0;32m  OK  [0m] Listening on /dev/initctl Compatibility Named Pipe.
[[0;32m  OK  [0m] Listening on LVM2 poll daemon socket.
[[0;32m  OK  [0m] Created slice system-serial\x2dgetty.slice.
[[0;32m  OK  [0m] Reached target Mounting snaps.
[[0;32m  OK  [0m] Reached target Mounted snaps.
[[0;32m  OK  [0m] Reached target Swap.
[[0;32m  OK  [0m] Listening on Journal Audit Socket.
[[0;32m  OK  [0m] Set up automount Arbitrary Executab…rmats File System Automount Point.
[[0;32m  OK  [0m] Reached target System Time Synchronized.
[[0;32m  OK  [0m] Created slice User and Session Slice.
[[0;32m  OK  [0m] Reached target Slices.
[[0;32m  OK  [0m] Listening on Journal Socket.
         Mounting Kernel Debug File System...
         Mounting Huge Pages File System...
         Starting udev Coldplug all Devices...
         Starting Set the console keyboard layout...
         Starting Monitoring of LVM2 mirrors…ng dmeventd or progress polling...
         Starting Uncomplicated firewall...
         Starting Create list of required st…ce nodes for the current kernel...
         Starting Load Kernel Modules...
         Starting Remount Root and Kernel File Systems...
         Starting Journal Service...
         Mounting POSIX Message Queue File System...
[[0;32m  OK  [0m] Mounted Kernel Debug File System.
[[0;32m  OK  [0m] Mounted Huge Pages File System.
[    6.591638] Loading iSCSI transport class v2.0-870.
[[0;32m  OK  [0m] Started Uncomplicated firewall.
[[0;32m  OK  [0m] Started Create list of required sta…vice nodes for the current kernel.
[[0;32m  OK  [0m] Mounted POSIX Message Queue File System.
[    6.615013] EXT4-fs (sda1): re-mounted. Opts: (null)
[[0;32m  OK  [0m] Started LVM2 metadata daemon.
         Starting Create Static Device Nodes in /dev...
[[0;32m  OK  [0m] Started Remount Root and Kernel File Systems.
[    6.636504] iscsi: registered transport (tcp)
         Starting Load/Save Random Seed...
[[0;32m  OK  [0m] Started Journal Service.
         Starting Flush Journal to Persistent Storage...
[[0;32m  OK  [0m] Started Load/Save Random Seed.
[[0;32m  OK  [0m] Started udev Coldplug all Devices.
[[0;32m  OK  [0m] Started Create Static Device Nodes in /dev.
         Starting udev Kernel Device Manager...
[[0;32m  OK  [0m] Started Monitoring of LVM2 mirrors,…sing dmeventd or progress polling.
[    6.722667] systemd-journald[429]: Received request to flush runtime journal from PID 1
[[0;32m  OK  [0m] Started udev Kernel Device Manager.
[    6.778419] iscsi: registered transport (iser)
[[0;32m  OK  [0m] Started Load Kernel Modules.
         Mounting FUSE Control File System...
         Starting Apply Kernel Variables...
         Mounting Kernel Configuration File System...
[[0;32m  OK  [0m] Mounted FUSE Control File System.
[[0;32m  OK  [0m] Mounted Kernel Configuration File System.
[[0;32m  OK  [0m] Started Apply Kernel Variables.
[[0;32m  OK  [0m] Started Flush Journal to Persistent Storage.
[[0;32m  OK  [0m] Started Set the console keyboard layout.
[[0;32m  OK  [0m] Started Dispatch Password Requests to Console Directory Watch.
[[0;32m  OK  [0m] Reached target Local Encrypted Volumes.
[[0;32m  OK  [0m] Reached target Local File Systems (Pre).
[[0;32m  OK  [0m] Reached target Local File Systems.
         Starting Tell Plymouth To Write Out Runtime Data...
         Starting Set console font and keymap...
         Starting AppArmor initialization...
         Starting Create Volatile Files and Directories...
         Starting ebtables ruleset management...
[[0;32m  OK  [0m] Started Tell Plymouth To Write Out Runtime Data.
[[0;32m  OK  [0m] Started Set console font and keymap.
[[0;32m  OK  [0m] Started Create Volatile Files and Directories.
         Starting Update UTMP about System Boot/Shutdown...
[[0;32m  OK  [0m] Started Update UTMP about System Boot/Shutdown.
[[0;32m  OK  [0m] Started ebtables ruleset management.
[[0;32m  OK  [0m] Found device /dev/ttyS0.
[[0;32m  OK  [0m] Started AppArmor initialization.
         Starting Load AppArmor profiles managed internally by snapd...
         Starting Initial cloud-init job (pre-networking)...
[[0;32m  OK  [0m] Listening on Load/Save RF Kill Switch Status /dev/rfkill Watch.
         Mounting Arbitrary Executable File Formats File System...
[[0;32m  OK  [0m] Mounted Arbitrary Executable File Formats File System.
[[0;32m  OK  [0m] Started Load AppArmor profiles managed internally by snapd.
[   12.925384] cloud-init[570]: Cloud-init v. 23.1.2-0ubuntu0~18.04.1 running 'init-local' at Tue, 02 Sep 2025 13:58:02 +0000. Up 12.63 seconds.
[[0;32m  OK  [0m] Started Initial cloud-init job (pre-networking).
[[0;32m  OK  [0m] Reached target Network (Pre).
         Starting Network Service...
[[0;32m  OK  [0m] Started Network Service.
         Starting Wait for Network to be Configured...
         Starting Network Name Resolution...
[[0;32m  OK  [0m] Started Network Name Resolution.
[[0;32m  OK  [0m] Reached target Network.
[[0;32m  OK  [0m] Reached target Host and Network Name Lookups.
[[0;32m  OK  [0m] Started Wait for Network to be Configured.
         Starting Initial cloud-init job (metadata service crawler)...
[   16.031390] cloud-init[689]: Cloud-init v. 23.1.2-0ubuntu0~18.04.1 running 'init' at Tue, 02 Sep 2025 13:58:05 +0000. Up 15.76 seconds.
[   16.033391] cloud-init[689]: ci-info: +++++++++++++++++++++++++++++++++++++++++++Net device info++++++++++++++++++++++++++++++++++++++++++++
[   16.034917] cloud-init[689]: ci-info: +--------+------+---------------------------------------+---------------+--------+-------------------+
[   16.036984] cloud-init[689]: ci-info: | Device |  Up  |                Address                |      Mask     | Scope  |     Hw-Address    |
[   16.039266] cloud-init[689]: ci-info: +--------+------+---------------------------------------+---------------+--------+-------------------+
[   16.041606] cloud-init[689]: ci-info: | enp0s3 | True |               10.0.2.15               | 255.255.255.0 | global | 02:3b:7b:b7:3b:2d |
[   16.043542] cloud-init[689]: ci-info: | enp0s3 | True | fd17:625c:f037:2:3b:7bff:feb7:3b2d/64 |       .       | global | 02:3b:7b:b7:3b:2d |
[   16.045733] cloud-init[689]: ci-info: | enp0s3 | True |       fe80::3b:7bff:feb7:3b2d/64      |       .       |  link  | 02:3b:7b:b7:3b:2d |
[   16.047630] cloud-init[689]: ci-info: | enp0s8 | True |             192.168.56.21             | 255.255.255.0 | global | 08:00:27:ec:21:86 |
[   16.049839] cloud-init[689]: ci-info: | enp0s8 | True |      fe80::a00:27ff:feec:2186/64      |       .       |  link  | 08:00:27:ec:21:86 |
[   16.051638] cloud-init[689]: ci-info: |   lo   | True |               127.0.0.1               |   255.0.0.0   |  host  |         .         |
[   16.053444] cloud-init[689]: ci-info: |   lo   | True |                ::1/128                |       .       |  host  |         .         |
[   16.064259] cloud-init[689]: ci-info: +--------+------+---------------------------------------+---------------+--------+-------------------+
[   16.066328] cloud-init[689]: ci-info: +++++++++++++++++++++++++++++Route IPv4 info+++++++++++++++++++++++++++++
[   16.068244] cloud-init[689]: ci-info: +-------+--------------+----------+-----------------+-----------+-------+
[   16.069716] cloud-init[689]: ci-info: | Route | Destination  | Gateway  |     Genmask     | Interface | Flags |
[   16.071396] cloud-init[689]: ci-info: +-------+--------------+----------+-----------------+-----------+-------+
[   16.072999] cloud-init[689]: ci-info: |   0   |   0.0.0.0    | 10.0.2.2 |     0.0.0.0     |   enp0s3  |   UG  |
[   16.077077] cloud-init[689]: ci-info: |   1   |   10.0.2.0   | 0.0.0.0  |  255.255.255.0  |   enp0s3  |   U   |
[   16.078474] cloud-init[689]: ci-info: |   2   |   10.0.2.2   | 0.0.0.0  | 255.255.255.255 |   enp0s3  |   UH  |
[   16.088404] cloud-init[689]: ci-info: |   3   | 192.168.56.0 | 0.0.0.0  |  255.255.255.0  |   enp0s8  |   U   |
[   16.100756] cloud-init[689]: ci-info: +-------+--------------+----------+-----------------+-----------+-------+
[   16.102640] cloud-init[689]: ci-info: ++++++++++++++++++++++++Route IPv6 info++++++++++++++++++++++++
[   16.103915] cloud-init[689]: ci-info: +-------+-----------------------+---------+-----------+-------+
[   16.106264] cloud-init[689]: ci-info: | Route |      Destination      | Gateway | Interface | Flags |
[   16.108343] cloud-init[689]: ci-info: +-------+-----------------------+---------+-----------+-------+
[   16.110242] cloud-init[689]: ci-info: |   1   | fd17:625c:f037:2::/64 |    ::   |   enp0s3  |   U   |
[   16.112196] cloud-init[689]: ci-info: |   2   |       fe80::/64       |    ::   |   enp0s8  |   U   |
[   16.113938] cloud-init[689]: ci-info: |   3   |       fe80::/64       |    ::   |   enp0s3  |   U   |
[   16.116322] cloud-init[689]: ci-info: |   4   |          ::/0         | fe80::2 |   enp0s3  |   UG  |
[   16.118297] cloud-init[689]: ci-info: |   6   |         local         |    ::   |   enp0s3  |   U   |
[   16.120036] cloud-init[689]: ci-info: |   7   |         local         |    ::   |   enp0s8  |   U   |
[   16.132310] cloud-init[689]: ci-info: |   8   |        ff00::/8       |    ::   |   enp0s8  |   U   |
[   16.134114] cloud-init[689]: ci-info: |   9   |        ff00::/8       |    ::   |   enp0s3  |   U   |
[   16.137470] cloud-init[689]: ci-info: +-------+-----------------------+---------+-----------+-------+
[[0;32m  OK  [0m] Started Initial cloud-init job (metadata service crawler).
[[0;32m  OK  [0m] Reached target Network is Online.
[[0;32m  OK  [0m] Reached target Remote File Systems (Pre).
         Starting Availability of block devices...
         Mounting /vagrant...
[[0;32m  OK  [0m] Reached target Cloud-config availability.
[[0;32m  OK  [0m] Reached target System Initialization.
[[0;32m  OK  [0m] Listening on cloud-init hotplug hook socket.
[[0;32m  OK  [0m] Started Message of the Day.
[[0;32m  OK  [0m] Listening on D-Bus System Message Bus Socket.
[[0;32m  OK  [0m] Listening on UUID daemon activation socket.
[[0;32m  OK  [0m] Started Discard unused blocks once a week.
         Starting LXD - unix socket.
         Starting Socket activation for snappy daemon.
[[0;32m  OK  [0m] Listening on Open-iSCSI iscsid Socket.
[[0;32m  OK  [0m] Started Daily apt download activities.
[[0;32m  OK  [0m] Started Daily apt upgrade and clean activities.
[[0;32m  OK  [0m] Started Ubuntu Advantage Timer for running repeated jobs.
[[0;32m  OK  [0m] Started ACPI Events Check.
[[0;32m  OK  [0m] Reached target Paths.
[[0;32m  OK  [0m] Listening on ACPID Listen Socket.
[[0;32m  OK  [0m] Started Daily Cleanup of Temporary Directories.
[[0;32m  OK  [0m] Reached target Timers.
[[0;32m  OK  [0m] Started Availability of block devices.
[[0;32m  OK  [0m] Mounted /vagrant.
[[0;32m  OK  [0m] Listening on LXD - unix socket.
[[0;32m  OK  [0m] Listening on Socket activation for snappy daemon.
[[0;32m  OK  [0m] Reached target Sockets.
[[0;32m  OK  [0m] Reached target Basic System.
         Starting Dispatcher daemon for systemd-networkd...
         Starting Accounts Service...
         Starting Login Service...
         Starting Snap Daemon...
         Starting Discard unused blocks...
[[0;32m  OK  [0m] Started FUSE filesystem for LXC.
[[0;32m  OK  [0m] Reached target Login Prompts (Pre).
         Starting LXD - container startup/shutdown...
[[0;32m  OK  [0m] Started Regular background program processing daemon.
         Starting Virtualbox guest utils...
[[0;32m  OK  [0m] Started irqbalance daemon.
[[0;32m  OK  [0m] Started D-Bus System Message Bus.
[[0;32m  OK  [0m] Started Login Service.
[[0;32m  OK  [0m] Started Unattended Upgrades Shutdown.
         Starting LSB: Record successful boot for GRUB...
         Starting OpenBSD Secure Shell server...
         Starting System Logging Service...
[[0;32m  OK  [0m] Started Deferred execution scheduler.
         Starting Message of the Day...
[[0;32m  OK  [0m] Reached target Remote File Systems.
         Starting LSB: automatic crash report generation...
         Starting Permit User Sessions...
[[0;32m  OK  [0m] Started Discard unused blocks.
[[0;32m  OK  [0m] Started System Logging Service.
[[0;32m  OK  [0m] Started LXD - container startup/shutdown.
[[0;32m  OK  [0m] Started Permit User Sessions.
         Starting Hold until boot process finishes up...
         Starting Terminate Plymouth Boot Screen...
         Starting Authorization Manager...
[[0;32m  OK  [0m] Started OpenBSD Secure Shell server.
[[0;32m  OK  [0m] Started Hold until boot process finishes up.
[[0;32m  OK  [0m] Started Terminate Plymouth Boot Screen.
         Starting Set console scheme...
[[0;32m  OK  [0m] Started Serial Getty on ttyS0.
[[0;32m  OK  [0m] Started Authorization Manager.
[[0;32m  OK  [0m] Started Accounts Service.
[[0;32m  OK  [0m] Started Set console scheme.
[[0;32m  OK  [0m] Created slice system-getty.slice.
[[0;32m  OK  [0m] Started Getty on tty1.
[[0;32m  OK  [0m] Reached target Login Prompts.
[[0;32m  OK  [0m] Started Virtualbox guest utils.
[[0;32m  OK  [0m] Started LSB: Record successful boot for GRUB.
[[0;32m  OK  [0m] Started LSB: automatic crash report generation.
[[0;32m  OK  [0m] Started Dispatcher daemon for systemd-networkd.
[[0;32m  OK  [0m] Started Snap Daemon.
         Starting Wait until snapd is fully seeded...
         Starting Time & Date Service...
[[0;32m  OK  [0m] Started Time & Date Service.
[[0;32m  OK  [0m] Started Wait until snapd is fully seeded.
         Starting Apply the settings specified in cloud-config...
[   18.706403] cloud-init[1158]: Cloud-init v. 23.1.2-0ubuntu0~18.04.1 running 'modules:config' at Tue, 02 Sep 2025 13:58:08 +0000. Up 18.53 seconds.
[[0;32m  OK  [0m] Started Apply the settings specified in cloud-config.
[[0;32m  OK  [0m] Reached target Multi-User System.
         Starting Execute cloud user/final scripts...
[[0;32m  OK  [0m] Reached target Graphical Interface.
         Starting Update UTMP about System Runlevel Changes...
[[0;32m  OK  [0m] Started Update UTMP about System Runlevel Changes.
[   19.702165] cloud-init[1192]: Cloud-init v. 23.1.2-0ubuntu0~18.04.1 running 'modules:final' at Tue, 02 Sep 2025 13:58:09 +0000. Up 19.46 seconds.
[   19.704370] cloud-init[1192]: Cloud-init v. 23.1.2-0ubuntu0~18.04.1 finished at Tue, 02 Sep 2025 13:58:09 +0000. Datasource DataSourceNoCloud [seed=/dev/sdb][dsmode=net].  Up 19.68 seconds
[[0;32m  OK  [0m] Starte         Stopping LSB: automatic crash report generation...
[[0;32m  OK  [0m] Stopped LSB: automatic crash report generation.
         Starting LSB: automatic crash report generation...
[[0;32m  OK  [0m] Started LSB: automatic crash report generation.
[[0;32m  OK  [0m] Started Daily apt upgrade and clean activities.
[[0;32m  OK  [0m] Stopped target Graphical Interface.
[[0;32m  OK  [0m] Stopped target Timers.
         Stopping User Manager for UID 1000...
         Stopping Availability of block devices...
[[0;32m  OK  [0m] Stopped target Cloud-init target.
[[0;32m  OK  [0m] Stopped Daily Cleanup of Temporary Directories.
[[0;32m  OK  [0m] Stopped Ubuntu Advantage Timer for running repeated jobs.
[[0;32m  OK  [0m] Stopped target Host and Network Name Lookups.
[[0;32m  OK  [0m] Stopped Discard unused blocks once a week.
[[0;32m  OK  [0m] Stopped Daily apt upgrade and clean activities.
[[0;32m  OK  [0m] Closed Load/Save RF Kill Switch Status /dev/rfkill Watch.
         Stopping Authorization Manager...
         Stopping Session 11 of user vagrant.
         Stopping Accounts Service...
[[0;32m  OK  [0m] Stopped Daily apt download activities.
[[0;32m  OK  [0m] Stopped Message of the Day.
[[0;32m  OK  [0m] Stopped target System Time Synchronized.
[[0;32m  OK  [0m] Stopped Execute cloud user/final scripts.
[[0;32m  OK  [0m] Stopped Apply the settings specified in cloud-config.
[[0;32m  OK  [0m] Stopped target Cloud-config availability.
[[0;32m  OK  [0m] Stopped target Multi-User System.
         Stopping Regular background program processing daemon...
         Stopping D-Bus System Message Bus...
         Stopping Docker Application Container Engine...
[[0;32m  OK  [0m] Stopped target Login Prompts.
         Stopping Getty on tty1...
         Stopping Serial Getty on ttyS0...
[[0;32m  OK  [0m] Stopped Wait until snapd is fully seeded.
         Stopping FUSE filesystem for LXC...
         Stopping LSB: Record successful boot for GRUB...
         Stopping System Logging Service...
         Stopping LSB: automatic crash report generation...
         Stopping irqbalance daemon...
         Stopping OpenBSD Secure Shell server...
         Stopping Deferred execution scheduler...
         Stopping Dispatcher daemon for systemd-networkd...
         Stopping Virtualbox guest utils...
         Stopping LXD - container startup/shutdown...
[[0;32m  OK  [0m] Unmounted /var/lib/lxcfs.
[[0;32m  OK  [0m] Stopped Regular background program processing daemon.
[[0;32m  OK  [0m] Stopped Accounts Service.
[[0;32m  OK  [0m] Stopped irqbalance daemon.
[[0;32m  OK  [0m] Stopped Deferred execution scheduler.
[[0;32m  OK  [0m] Stopped Dispatcher daemon for systemd-networkd.
[[0;32m  OK  [0m] Stopped System Logging Service.
[[0;32m  OK  [0m] Stopped Authorization Manager.
[[0;32m  OK  [0m] Stopped Serial Getty on ttyS0.
[[0;32m  OK  [0m] Stopped OpenBSD Secure Shell server.
[[0;32m  OK  [0m] Stopped Getty on tty1.
[[0;32m  OK  [0m] Stopped User Manager for UID 1000.
[[0;32m  OK  [0m] Stopped Availability of block devices.
[[0;32m  OK  [0m] Stopped D-Bus System Message Bus.
[[0;32m  OK  [0m] Stopped FUSE filesystem for LXC.
[[0;32m  OK  [0m] Stopped Session 11 of user vagrant.
[[0;32m  OK  [0m] Stopped LXD - container startup/shutdown.
[[0;32m  OK  [0m] Removed slice User Slice of vagrant.
         Stopping Login Service...
[[0;32m  OK  [0m] Removed slice system-getty.slice.
         Stopping Permit User Sessions...
[[0;32m  OK  [0m] Stopped target Login Prompts (Pre).
[[0;32m  OK  [0m] Removed slice system-serial\x2dgetty.slice.
[[0;32m  OK  [0m] Stopped Permit User Sessions.
[[0;32m  OK  [0m] Stopped LSB: Record successful boot for GRUB.
[[0;32m  OK  [0m] Stopped Login Service.
[[0;32m  OK  [0m] Stopped target User and Group Name Lookups.
[[0;32m  OK  [0m] Stopped LSB: automatic crash report generation.
[[0;32m  OK  [0m] Stopped target Remote File Systems.
         Unmounting /vagrant...
[[0;32m  OK  [0m] Stopped Virtualbox guest utils.
[[0;32m  OK  [0m] Unmounted /vagrant.
[[0;32m  OK  [0m] Stopped target Remote File Systems (Pre).
[[0;32m  OK  [0m] Unmounted /run/docker/netns/afa089c264ee.
[[0;32m  OK  [0m] Unmounted /var/lib/docker/overlay2/…afae0c4c43f3ea22f17a2fd0a5/merged.
[[0;32m  OK  [0m] Unmounted /run/docker/netns/c9825e5867b1.
[[0;32m  OK  [0m] Unmounted /var/lib/docker/overlay2/…62e4d87c1dae59827d7974d34a/merged.
[[0;32m  OK  [0m] Stopped Docker Application Container Engine.
         Stopping containerd container runtime...
[[0;32m  OK  [0m] Stopped target Network is Online.
[[0;32m  OK  [0m] Stopped containerd container runtime.
[[0;32m  OK  [0m] Stopped target Network.
         Stopping Network Name Resolution...
[[0;32m  OK  [0m] Stopped target Basic System.
[[0;32m  OK  [0m] Stopped target Paths.
[[0;32m  OK  [0m] Stopped ACPI Events Check.
[[0;32m  OK  [0m] Stopped target Slices.
[[0;32m  OK  [0m] Removed slice User and Session Slice.
[[0;32m  OK  [0m] Stopped target Sockets.
[[0;32m  OK  [0m] Closed cloud-init hotplug hook socket.
[[0;32m  OK  [0m] Closed UUID daemon activation socket.
[[0;32m  OK  [0m] Closed Open-iSCSI iscsid Socket.
[[0;32m  OK  [0m] Closed Syslog Socket.
[[0;32m  OK  [0m] Closed ACPID Listen Socket.
[[0;32m  OK  [0m] Closed LXD - unix socket.
[[0;32m  OK  [0m] Closed D-Bus System Message Bus Socket.
[[0;32m  OK  [0m] Closed Docker Socket for the API.
[[0;32m  OK  [0m] Closed Socket activation for snappy daemon.
[[0;32m  OK  [0m] Stopped target System Initialization.
[[0;32m  OK  [0m] Stopped target Local Encrypted Volumes.
[[0;32m  OK  [0m] Stopped Dispatch Password Requests to Console Directory Watch.
[[0;32m  OK  [0m] Stopped Forward Password Requests to Wall Directory Watch.
         Stopping Update UTMP about System Boot/Shutdown...
         Stopping Load/Save Random Seed...
[[0;32m  OK  [0m] Stopped Initial cloud-init job (metadata service crawler).
[[0;32m  OK  [0m] Stopped Network Name Resolution.
         Stopping Network Service...
[[0;32m  OK  [0m] Stopped Update UTMP about System Boot/Shutdown.
[[0;32m  OK  [0m] Stopped Create Volatile Files and Directories.
[[0;32m  OK  [0m] Stopped target Local File Systems.
         Unmounting /run/user/1000...
[[0;32m  OK  [0m] Stopped target Mounted snaps.
[[0;32m  OK  [0m] Stopped target Mounting snaps.
[[0;32m  OK  [0m] Stopped Load/Save Random Seed.
[[0;32m  OK  [0m] Unmounted /run/user/1000.
[[0;32m  OK  [0m] Reached target Unmount All Filesystems.
[[0;32m  OK  [0m] Stopped target Swap.
[[0;32m  OK  [0m] Stopped target Local File Systems (Pre).
         Stopping Monitoring of LVM2 mirrors…ng dmeventd or progress polling...
[[0;32m  OK  [0m] Stopped Create Static Device Nodes in /dev.
[[0;32m  OK  [0m] Stopped Network Service.
[[0;32m  OK  [0m] Stopped Apply Kernel Variables.
[[0;32m  OK  [0m] Stopped Load Kernel Modules.
[[0;32m  OK  [0m] Stopped target Network (Pre).
[[0;32m  OK  [0m] Stopped Initial cloud-init job (pre-networking).
[[0;32m  OK  [0m] Stopped Remount Root and Kernel File Systems.
[[0;32m  OK  [0m] Reached target Shutdown.
[[0;32m  OK  [0m] Reached target Final Step.
         Starting Power-Off...
[[0;32m  OK  [0m] Stopped Monitoring of LVM2 mirrors,…sing dmeventd or progress polling.
         Stopping LVM2 metadata daemon...
[[0;32m  OK  [0m] Stopped LVM2 metadata daemon.
[29270.860656] reboot: Power down
